2024-03-12 11:30:55 [SpringContextShutdownHook] INFO  o.s.s.c.ThreadPoolTaskExecutor - Shutting down ExecutorService 'applicationTaskExecutor'
2024-03-12 11:30:55 [SpringContextShutdownHook] INFO  o.s.o.j.LocalContainerEntityManagerFactoryBean - Closing JPA EntityManagerFactory for persistence unit 'default'
2024-03-12 11:30:55 [SpringContextShutdownHook] INFO  com.zaxxer.hikari.HikariDataSource - HikariPool-1 - Shutdown initiated...
2024-03-12 11:30:55 [SpringContextShutdownHook] INFO  com.zaxxer.hikari.HikariDataSource - HikariPool-1 - Shutdown completed.
2024-03-12 11:31:08 [main] INFO  c.e.w.WebProjectGamesApplication - Starting WebProjectGamesApplication on PP with PID 28984 (D:\AASolo\WebProjectGames\target\classes started by Нотя in D:\AASolo\WebProjectGames)
2024-03-12 11:31:08 [main] INFO  c.e.w.WebProjectGamesApplication - No active profile set, falling back to default profiles: default
2024-03-12 11:31:09 [main] INFO  o.s.d.r.c.RepositoryConfigurationDelegate - Bootstrapping Spring Data JPA repositories in DEFAULT mode.
2024-03-12 11:31:09 [main] INFO  o.s.d.r.c.RepositoryConfigurationDelegate - Finished Spring Data repository scanning in 98ms. Found 7 JPA repository interfaces.
2024-03-12 11:31:10 [main] INFO  o.s.b.w.e.tomcat.TomcatWebServer - Tomcat initialized with port(s): 8080 (http)
2024-03-12 11:31:10 [main] INFO  o.a.coyote.http11.Http11NioProtocol - Initializing ProtocolHandler ["http-nio-8080"]
2024-03-12 11:31:10 [main] INFO  o.a.catalina.core.StandardService - Starting service [Tomcat]
2024-03-12 11:31:10 [main] INFO  o.a.catalina.core.StandardEngine - Starting Servlet engine: [Apache Tomcat/9.0.41]
2024-03-12 11:31:10 [main] INFO  o.a.c.c.C.[Tomcat].[localhost].[/] - Initializing Spring embedded WebApplicationContext
2024-03-12 11:31:10 [main] INFO  o.s.b.w.s.c.ServletWebServerApplicationContext - Root WebApplicationContext: initialization completed in 1835 ms
2024-03-12 11:31:10 [main] INFO  o.h.jpa.internal.util.LogHelper - HHH000204: Processing PersistenceUnitInfo [name: default]
2024-03-12 11:31:10 [main] INFO  org.hibernate.Version - HHH000412: Hibernate ORM core version 5.4.25.Final
2024-03-12 11:31:10 [main] INFO  o.h.annotations.common.Version - HCANN000001: Hibernate Commons Annotations {5.1.2.Final}
2024-03-12 11:31:10 [main] INFO  com.zaxxer.hikari.HikariDataSource - HikariPool-1 - Starting...
2024-03-12 11:31:10 [main] INFO  com.zaxxer.hikari.HikariDataSource - HikariPool-1 - Start completed.
2024-03-12 11:31:10 [main] INFO  org.hibernate.dialect.Dialect - HHH000400: Using dialect: org.hibernate.dialect.PostgreSQLDialect
2024-03-12 11:31:11 [main] WARN  org.hibernate.mapping.RootClass - HHH000038: Composite-id class does not override equals(): com.example.webprojectgames.model.entities.UserGameCollectionKey
2024-03-12 11:31:11 [main] WARN  org.hibernate.mapping.RootClass - HHH000039: Composite-id class does not override hashCode(): com.example.webprojectgames.model.entities.UserGameCollectionKey
2024-03-12 11:31:11 [main] INFO  o.h.e.t.j.p.i.JtaPlatformInitiator - HHH000490: Using JtaPlatform implementation: [org.hibernate.engine.transaction.jta.platform.internal.NoJtaPlatform]
2024-03-12 11:31:12 [main] INFO  o.s.o.j.LocalContainerEntityManagerFactoryBean - Initialized JPA EntityManagerFactory for persistence unit 'default'
2024-03-12 11:31:12 [main] WARN  o.s.b.a.o.j.JpaBaseConfiguration$JpaWebConfiguration - spring.jpa.open-in-view is enabled by default. Therefore, database queries may be performed during view rendering. Explicitly configure spring.jpa.open-in-view to disable this warning
2024-03-12 11:31:12 [main] INFO  o.s.s.web.DefaultSecurityFilterChain - Creating filter chain: any request, [org.springframework.security.web.context.request.async.WebAsyncManagerIntegrationFilter@5169db2f, org.springframework.security.web.context.SecurityContextPersistenceFilter@4c599679, org.springframework.security.web.header.HeaderWriterFilter@3a012678, org.springframework.security.web.authentication.logout.LogoutFilter@3d213a2b, org.springframework.security.web.authentication.UsernamePasswordAuthenticationFilter@7e615c6a, org.springframework.security.web.authentication.ui.DefaultLoginPageGeneratingFilter@4b552b13, org.springframework.security.web.authentication.ui.DefaultLogoutPageGeneratingFilter@912a644, org.springframework.security.web.savedrequest.RequestCacheAwareFilter@f13e0a2, org.springframework.security.web.servletapi.SecurityContextHolderAwareRequestFilter@1ba98508, org.springframework.security.web.authentication.AnonymousAuthenticationFilter@478cc5f1, org.springframework.security.web.session.SessionManagementFilter@1701beb3, org.springframework.security.web.access.ExceptionTranslationFilter@2681185e, org.springframework.security.web.access.intercept.FilterSecurityInterceptor@65cc3902]
2024-03-12 11:31:12 [main] INFO  o.s.s.c.ThreadPoolTaskExecutor - Initializing ExecutorService 'applicationTaskExecutor'
2024-03-12 11:31:13 [main] INFO  o.a.coyote.http11.Http11NioProtocol - Starting ProtocolHandler ["http-nio-8080"]
2024-03-12 11:31:13 [main] INFO  o.s.b.w.e.tomcat.TomcatWebServer - Tomcat started on port(s): 8080 (http) with context path ''
2024-03-12 11:31:13 [main] INFO  c.e.w.WebProjectGamesApplication - Started WebProjectGamesApplication in 5.213 seconds (JVM running for 6.735)
2024-03-12 11:31:34 [http-nio-8080-exec-1] INFO  o.a.c.c.C.[Tomcat].[localhost].[/] - Initializing Spring DispatcherServlet 'dispatcherServlet'
2024-03-12 11:31:34 [http-nio-8080-exec-1] INFO  o.s.web.servlet.DispatcherServlet - Initializing Servlet 'dispatcherServlet'
2024-03-12 11:31:34 [http-nio-8080-exec-1] INFO  o.s.web.servlet.DispatcherServlet - Completed initialization in 13 ms
2024-03-12 11:31:35 [http-nio-8080-exec-4] INFO  c.e.w.aspect.LoggingAspect - Calling controller method: GamesController.showGamesPage(..)
2024-03-12 11:31:35 [http-nio-8080-exec-4] INFO  c.e.w.aspect.LoggingAspect - Calling service method: GameServiceImpl.getAllGames()
2024-03-12 11:31:35 [http-nio-8080-exec-4] INFO  c.e.w.aspect.LoggingAspect - Finished calling service method: GameServiceImpl.getAllGames()
2024-03-12 11:31:35 [http-nio-8080-exec-4] INFO  c.e.w.aspect.LoggingAspect - Finished calling controller method: GamesController.showGamesPage(..)
2024-03-12 11:48:01 [SpringContextShutdownHook] INFO  o.s.s.c.ThreadPoolTaskExecutor - Shutting down ExecutorService 'applicationTaskExecutor'
2024-03-12 11:48:01 [SpringContextShutdownHook] INFO  o.s.o.j.LocalContainerEntityManagerFactoryBean - Closing JPA EntityManagerFactory for persistence unit 'default'
2024-03-12 11:48:01 [SpringContextShutdownHook] INFO  com.zaxxer.hikari.HikariDataSource - HikariPool-1 - Shutdown initiated...
2024-03-12 11:48:01 [SpringContextShutdownHook] INFO  com.zaxxer.hikari.HikariDataSource - HikariPool-1 - Shutdown completed.
2024-03-12 11:48:06 [main] INFO  c.e.w.WebProjectGamesApplication - Starting WebProjectGamesApplication on PP with PID 39676 (D:\AASolo\WebProjectGames\target\classes started by Нотя in D:\AASolo\WebProjectGames)
2024-03-12 11:48:06 [main] INFO  c.e.w.WebProjectGamesApplication - No active profile set, falling back to default profiles: default
2024-03-12 11:48:07 [main] INFO  o.s.d.r.c.RepositoryConfigurationDelegate - Bootstrapping Spring Data JPA repositories in DEFAULT mode.
2024-03-12 11:48:07 [main] INFO  o.s.d.r.c.RepositoryConfigurationDelegate - Finished Spring Data repository scanning in 52ms. Found 7 JPA repository interfaces.
2024-03-12 11:48:07 [main] INFO  o.s.b.w.e.tomcat.TomcatWebServer - Tomcat initialized with port(s): 8080 (http)
2024-03-12 11:48:07 [main] INFO  o.a.coyote.http11.Http11NioProtocol - Initializing ProtocolHandler ["http-nio-8080"]
2024-03-12 11:48:07 [main] INFO  o.a.catalina.core.StandardService - Starting service [Tomcat]
2024-03-12 11:48:07 [main] INFO  o.a.catalina.core.StandardEngine - Starting Servlet engine: [Apache Tomcat/9.0.41]
2024-03-12 11:48:07 [main] INFO  o.a.c.c.C.[Tomcat].[localhost].[/] - Initializing Spring embedded WebApplicationContext
2024-03-12 11:48:07 [main] INFO  o.s.b.w.s.c.ServletWebServerApplicationContext - Root WebApplicationContext: initialization completed in 976 ms
2024-03-12 11:48:07 [main] INFO  o.h.jpa.internal.util.LogHelper - HHH000204: Processing PersistenceUnitInfo [name: default]
2024-03-12 11:48:07 [main] INFO  org.hibernate.Version - HHH000412: Hibernate ORM core version 5.4.25.Final
2024-03-12 11:48:07 [main] INFO  o.h.annotations.common.Version - HCANN000001: Hibernate Commons Annotations {5.1.2.Final}
2024-03-12 11:48:07 [main] INFO  com.zaxxer.hikari.HikariDataSource - HikariPool-1 - Starting...
2024-03-12 11:48:08 [main] INFO  com.zaxxer.hikari.HikariDataSource - HikariPool-1 - Start completed.
2024-03-12 11:48:08 [main] INFO  org.hibernate.dialect.Dialect - HHH000400: Using dialect: org.hibernate.dialect.PostgreSQLDialect
2024-03-12 11:48:08 [main] WARN  org.hibernate.mapping.RootClass - HHH000038: Composite-id class does not override equals(): com.example.webprojectgames.model.entities.UserGameCollectionKey
2024-03-12 11:48:08 [main] WARN  org.hibernate.mapping.RootClass - HHH000039: Composite-id class does not override hashCode(): com.example.webprojectgames.model.entities.UserGameCollectionKey
2024-03-12 11:48:08 [main] INFO  o.h.e.t.j.p.i.JtaPlatformInitiator - HHH000490: Using JtaPlatform implementation: [org.hibernate.engine.transaction.jta.platform.internal.NoJtaPlatform]
2024-03-12 11:48:08 [main] INFO  o.s.o.j.LocalContainerEntityManagerFactoryBean - Initialized JPA EntityManagerFactory for persistence unit 'default'
2024-03-12 11:48:08 [main] WARN  o.s.b.a.o.j.JpaBaseConfiguration$JpaWebConfiguration - spring.jpa.open-in-view is enabled by default. Therefore, database queries may be performed during view rendering. Explicitly configure spring.jpa.open-in-view to disable this warning
2024-03-12 11:48:09 [main] INFO  o.s.s.web.DefaultSecurityFilterChain - Creating filter chain: any request, [org.springframework.security.web.context.request.async.WebAsyncManagerIntegrationFilter@3c2f310c, org.springframework.security.web.context.SecurityContextPersistenceFilter@ad585fb, org.springframework.security.web.header.HeaderWriterFilter@7f53b345, org.springframework.security.web.authentication.logout.LogoutFilter@65cc3902, org.springframework.security.web.authentication.UsernamePasswordAuthenticationFilter@556944cd, org.springframework.security.web.authentication.ui.DefaultLoginPageGeneratingFilter@4930213b, org.springframework.security.web.authentication.ui.DefaultLogoutPageGeneratingFilter@74f92d14, org.springframework.security.web.savedrequest.RequestCacheAwareFilter@75a6bd06, org.springframework.security.web.servletapi.SecurityContextHolderAwareRequestFilter@1a22c1ba, org.springframework.security.web.authentication.AnonymousAuthenticationFilter@40071890, org.springframework.security.web.session.SessionManagementFilter@71817f66, org.springframework.security.web.access.ExceptionTranslationFilter@703eead0, org.springframework.security.web.access.intercept.FilterSecurityInterceptor@1107c465]
2024-03-12 11:48:09 [main] INFO  o.s.s.c.ThreadPoolTaskExecutor - Initializing ExecutorService 'applicationTaskExecutor'
2024-03-12 11:48:09 [main] INFO  o.a.coyote.http11.Http11NioProtocol - Starting ProtocolHandler ["http-nio-8080"]
2024-03-12 11:48:09 [main] INFO  o.s.b.w.e.tomcat.TomcatWebServer - Tomcat started on port(s): 8080 (http) with context path ''
2024-03-12 11:48:09 [main] INFO  c.e.w.WebProjectGamesApplication - Started WebProjectGamesApplication in 3.243 seconds (JVM running for 3.932)
2024-03-12 11:48:15 [http-nio-8080-exec-1] INFO  o.a.c.c.C.[Tomcat].[localhost].[/] - Initializing Spring DispatcherServlet 'dispatcherServlet'
2024-03-12 11:48:15 [http-nio-8080-exec-1] INFO  o.s.web.servlet.DispatcherServlet - Initializing Servlet 'dispatcherServlet'
2024-03-12 11:48:15 [http-nio-8080-exec-1] INFO  o.s.web.servlet.DispatcherServlet - Completed initialization in 9 ms
2024-03-12 11:48:17 [http-nio-8080-exec-4] INFO  c.e.w.aspect.LoggingAspect - Calling service method: GameComparisonServiceImpl.getMatchingGames(..)
2024-03-12 11:48:18 [http-nio-8080-exec-10] INFO  c.e.w.aspect.LoggingAspect - Calling controller method: GamesController.showGamesPage(..)
2024-03-12 11:48:18 [http-nio-8080-exec-10] INFO  c.e.w.aspect.LoggingAspect - Calling service method: GameServiceImpl.getAllGames()
2024-03-12 11:48:18 [http-nio-8080-exec-10] INFO  c.e.w.aspect.LoggingAspect - Finished calling service method: GameServiceImpl.getAllGames()
2024-03-12 11:48:18 [http-nio-8080-exec-10] INFO  c.e.w.aspect.LoggingAspect - Finished calling controller method: GamesController.showGamesPage(..)
2024-03-12 11:48:19 [http-nio-8080-exec-4] INFO  c.e.w.aspect.LoggingAspect - Finished calling service method: GameComparisonServiceImpl.getMatchingGames(..)
2024-03-12 11:48:23 [http-nio-8080-exec-3] INFO  c.e.w.aspect.LoggingAspect - Calling service method: GameComparisonServiceImpl.getMatchingGames(..)
2024-03-12 11:48:26 [http-nio-8080-exec-3] INFO  c.e.w.aspect.LoggingAspect - Finished calling service method: GameComparisonServiceImpl.getMatchingGames(..)
2024-03-12 12:21:53 [SpringContextShutdownHook] INFO  o.s.s.c.ThreadPoolTaskExecutor - Shutting down ExecutorService 'applicationTaskExecutor'
2024-03-12 12:21:53 [SpringContextShutdownHook] INFO  o.s.o.j.LocalContainerEntityManagerFactoryBean - Closing JPA EntityManagerFactory for persistence unit 'default'
2024-03-12 12:21:53 [SpringContextShutdownHook] INFO  com.zaxxer.hikari.HikariDataSource - HikariPool-1 - Shutdown initiated...
2024-03-12 12:21:53 [SpringContextShutdownHook] INFO  com.zaxxer.hikari.HikariDataSource - HikariPool-1 - Shutdown completed.
2024-03-12 12:21:58 [main] INFO  c.e.w.WebProjectGamesApplication - Starting WebProjectGamesApplication on PP with PID 37372 (D:\AASolo\WebProjectGames\target\classes started by Нотя in D:\AASolo\WebProjectGames)
2024-03-12 12:21:58 [main] INFO  c.e.w.WebProjectGamesApplication - No active profile set, falling back to default profiles: default
2024-03-12 12:21:58 [main] INFO  o.s.d.r.c.RepositoryConfigurationDelegate - Bootstrapping Spring Data JPA repositories in DEFAULT mode.
2024-03-12 12:21:58 [main] INFO  o.s.d.r.c.RepositoryConfigurationDelegate - Finished Spring Data repository scanning in 52ms. Found 7 JPA repository interfaces.
2024-03-12 12:21:59 [main] INFO  o.s.b.w.e.tomcat.TomcatWebServer - Tomcat initialized with port(s): 8080 (http)
2024-03-12 12:21:59 [main] INFO  o.a.coyote.http11.Http11NioProtocol - Initializing ProtocolHandler ["http-nio-8080"]
2024-03-12 12:21:59 [main] INFO  o.a.catalina.core.StandardService - Starting service [Tomcat]
2024-03-12 12:21:59 [main] INFO  o.a.catalina.core.StandardEngine - Starting Servlet engine: [Apache Tomcat/9.0.41]
2024-03-12 12:21:59 [main] INFO  o.a.c.c.C.[Tomcat].[localhost].[/] - Initializing Spring embedded WebApplicationContext
2024-03-12 12:21:59 [main] INFO  o.s.b.w.s.c.ServletWebServerApplicationContext - Root WebApplicationContext: initialization completed in 970 ms
2024-03-12 12:21:59 [main] INFO  o.h.jpa.internal.util.LogHelper - HHH000204: Processing PersistenceUnitInfo [name: default]
2024-03-12 12:21:59 [main] INFO  org.hibernate.Version - HHH000412: Hibernate ORM core version 5.4.25.Final
2024-03-12 12:21:59 [main] INFO  o.h.annotations.common.Version - HCANN000001: Hibernate Commons Annotations {5.1.2.Final}
2024-03-12 12:21:59 [main] INFO  com.zaxxer.hikari.HikariDataSource - HikariPool-1 - Starting...
2024-03-12 12:21:59 [main] INFO  com.zaxxer.hikari.HikariDataSource - HikariPool-1 - Start completed.
2024-03-12 12:21:59 [main] INFO  org.hibernate.dialect.Dialect - HHH000400: Using dialect: org.hibernate.dialect.PostgreSQLDialect
2024-03-12 12:22:00 [main] WARN  org.hibernate.mapping.RootClass - HHH000038: Composite-id class does not override equals(): com.example.webprojectgames.model.entities.UserGameCollectionKey
2024-03-12 12:22:00 [main] WARN  org.hibernate.mapping.RootClass - HHH000039: Composite-id class does not override hashCode(): com.example.webprojectgames.model.entities.UserGameCollectionKey
2024-03-12 12:22:00 [main] INFO  o.h.e.t.j.p.i.JtaPlatformInitiator - HHH000490: Using JtaPlatform implementation: [org.hibernate.engine.transaction.jta.platform.internal.NoJtaPlatform]
2024-03-12 12:22:00 [main] INFO  o.s.o.j.LocalContainerEntityManagerFactoryBean - Initialized JPA EntityManagerFactory for persistence unit 'default'
2024-03-12 12:22:00 [main] WARN  o.s.b.a.o.j.JpaBaseConfiguration$JpaWebConfiguration - spring.jpa.open-in-view is enabled by default. Therefore, database queries may be performed during view rendering. Explicitly configure spring.jpa.open-in-view to disable this warning
2024-03-12 12:22:01 [main] INFO  o.s.s.web.DefaultSecurityFilterChain - Creating filter chain: any request, [org.springframework.security.web.context.request.async.WebAsyncManagerIntegrationFilter@27691ee8, org.springframework.security.web.context.SecurityContextPersistenceFilter@aca594d, org.springframework.security.web.header.HeaderWriterFilter@573f2e67, org.springframework.security.web.authentication.logout.LogoutFilter@752ffce3, org.springframework.security.web.authentication.UsernamePasswordAuthenticationFilter@72c175f1, org.springframework.security.web.authentication.ui.DefaultLoginPageGeneratingFilter@2175d53f, org.springframework.security.web.authentication.ui.DefaultLogoutPageGeneratingFilter@78a34c47, org.springframework.security.web.savedrequest.RequestCacheAwareFilter@9715d26, org.springframework.security.web.servletapi.SecurityContextHolderAwareRequestFilter@4423692a, org.springframework.security.web.authentication.AnonymousAuthenticationFilter@77648321, org.springframework.security.web.session.SessionManagementFilter@44e7c06b, org.springframework.security.web.access.ExceptionTranslationFilter@63af52a6, org.springframework.security.web.access.intercept.FilterSecurityInterceptor@b75f3f4]
2024-03-12 12:22:01 [main] INFO  o.s.s.c.ThreadPoolTaskExecutor - Initializing ExecutorService 'applicationTaskExecutor'
2024-03-12 12:22:01 [main] INFO  o.a.coyote.http11.Http11NioProtocol - Starting ProtocolHandler ["http-nio-8080"]
2024-03-12 12:22:01 [main] INFO  o.s.b.w.e.tomcat.TomcatWebServer - Tomcat started on port(s): 8080 (http) with context path ''
2024-03-12 12:22:01 [main] INFO  c.e.w.WebProjectGamesApplication - Started WebProjectGamesApplication in 3.441 seconds (JVM running for 4.083)
2024-03-12 12:22:06 [http-nio-8080-exec-1] INFO  o.a.c.c.C.[Tomcat].[localhost].[/] - Initializing Spring DispatcherServlet 'dispatcherServlet'
2024-03-12 12:22:06 [http-nio-8080-exec-1] INFO  o.s.web.servlet.DispatcherServlet - Initializing Servlet 'dispatcherServlet'
2024-03-12 12:22:06 [http-nio-8080-exec-1] INFO  o.s.web.servlet.DispatcherServlet - Completed initialization in 8 ms
2024-03-12 12:22:06 [http-nio-8080-exec-1] WARN  o.a.c.util.SessionIdGeneratorBase - Creation of SecureRandom instance for session ID generation using [SHA1PRNG] took [112] milliseconds.
2024-03-12 12:22:08 [http-nio-8080-exec-4] INFO  c.e.w.aspect.LoggingAspect - Calling service method: GameComparisonServiceImpl.getMatchingGames(..)
2024-03-12 12:22:09 [http-nio-8080-exec-7] INFO  c.e.w.aspect.LoggingAspect - Calling controller method: GamesController.showGamesPage(..)
2024-03-12 12:22:09 [http-nio-8080-exec-7] INFO  c.e.w.aspect.LoggingAspect - Calling service method: GameServiceImpl.getAllGames()
2024-03-12 12:22:09 [http-nio-8080-exec-7] INFO  c.e.w.aspect.LoggingAspect - Finished calling service method: GameServiceImpl.getAllGames()
2024-03-12 12:22:09 [http-nio-8080-exec-7] INFO  c.e.w.aspect.LoggingAspect - Finished calling controller method: GamesController.showGamesPage(..)
2024-03-12 12:22:10 [http-nio-8080-exec-4] INFO  c.e.w.aspect.LoggingAspect - Finished calling service method: GameComparisonServiceImpl.getMatchingGames(..)
2024-03-12 12:22:13 [http-nio-8080-exec-2] INFO  c.e.w.aspect.LoggingAspect - Calling service method: GameComparisonServiceImpl.getMatchingGames(..)
2024-03-12 12:22:15 [http-nio-8080-exec-2] INFO  c.e.w.aspect.LoggingAspect - Finished calling service method: GameComparisonServiceImpl.getMatchingGames(..)
